<?xml version="1.0" encoding="UTF-8"?>
<testsuite xmlns:xsi="http://www.w3.org/2001/XMLSchema-instance" xsi:noNamespaceSchemaLocation="https://maven.apache.org/surefire/maven-surefire-plugin/xsd/surefire-test-report.xsd" name="com.ineat.tutorials.springkeycloaktutorials.SpringKeycloakTutorialsSecurityTests" time="10.327" tests="5" errors="0" skipped="0" failures="0">
  <properties>
[...]
</properties>
  <testcase name="testUserPathIsOnlyAllowedForUserProfil" classname="com.ineat.tutorials.springkeycloaktutorials.SpringKeycloakTutorialsSecurityTests" time="1.317"/>
  <testcase name="testAdmindPathIsNotAllowedForUserProfil" classname="com.ineat.tutorials.springkeycloaktutorials.SpringKeycloakTutorialsSecurityTests" time="0.016"/>
  <testcase name="testAdmindPathIsOnlyAllowedForAdminProfil" classname="com.ineat.tutorials.springkeycloaktutorials.SpringKeycloakTutorialsSecurityTests" time="0.016"/>
  <testcase name="testUnsecuredPathIsAllowedForAll" classname="com.ineat.tutorials.springkeycloaktutorials.SpringKeycloakTutorialsSecurityTests" time="0.015"/>
  <testcase name="testAdminPathIsNotAllowedForAll" classname="com.ineat.tutorials.springkeycloaktutorials.SpringKeycloakTutorialsSecurityTests" time="0.016"/>
</testsuite>